<?xml version="1.0" encoding="UTF-8"?>
<!-- Generated by org.testng.reporters.JUnitXMLReporter -->
<testsuite ignored="10" hostname="LAPTOP-Q3JCMTD1" failures="0" tests="14" name="Apparel Store Test" time="381.956" errors="0" timestamp="20 Oct 2021 16:06:56 GMT">
  <testcase classname="com.store.testCases.LoginLogOffTest" name="invalidLoginTest" time="9.164"/>
  <testcase classname="com.store.testCases.LoginLogOffTest" name="logOffTest" time="8.034"/>
  <testcase classname="com.store.testCases.LoginLogOffTest" name="validLoginTest" time="5.592"/>
  <testcase classname="com.store.testCases.PlaceOrderTest" name="placeOrder" time="47.982"/>
  <testcase classname="com.store.testCases.ReviewTest" name="writeReviewTest" time="22.433"/>
  <testcase classname="com.store.testCases.ShareProductTests" name="shareProductTest" time="13.946"/>
  <testcase classname="com.store.testCases.SearchTests" name="itemsSearchTest" time="2.342"/>
  <testcase classname="com.store.testCases.SearchTests" name="itemsSearchTest" time="1.572"/>
  <testcase classname="com.store.testCases.SearchTests" name="itemsSearchTest" time="3.364"/>
  <testcase classname="com.store.testCases.SearchTests" name="itemsSearchTest" time="23.135"/>
  <testcase classname="com.store.testCases.SearchTests" name="itemsSearchTest" time="3.08"/>
  <testcase classname="com.store.testCases.SearchTests" name="manufacturerTest" time="5.044"/>
  <testcase classname="com.store.testCases.AccountCreationTests" name="createAccountCaseTest" time="10.42"/>
  <testcase classname="com.store.testCases.AccountCreationTests" name="createAccountTest" time="11.722"/>
  <testcase classname="com.store.utils.BaseClass" name="@AfterTest stopTest" time="0.0">
    <ignored/>
  </testcase> <!-- @AfterTest stopTest -->
  <testcase classname="com.store.utils.BaseClass" name="@AfterTest stopTest" time="0.0">
    <ignored/>
  </testcase> <!-- @AfterTest stopTest -->
  <testcase classname="com.store.utils.BaseClass" name="@AfterTest stopTest" time="0.0">
    <ignored/>
  </testcase> <!-- @AfterTest stopTest -->
  <testcase classname="com.store.utils.BaseClass" name="@AfterTest stopTest" time="0.0">
    <ignored/>
  </testcase> <!-- @AfterTest stopTest -->
  <testcase classname="com.store.utils.BaseClass" name="@AfterTest stopTest" time="0.0">
    <ignored/>
  </testcase> <!-- @AfterTest stopTest -->
  <testcase classname="com.store.utils.BaseClass" name="@BeforeTest startReport" time="0.0">
    <ignored/>
  </testcase> <!-- @BeforeTest startReport -->
  <testcase classname="com.store.utils.BaseClass" name="@BeforeTest startReport" time="0.0">
    <ignored/>
  </testcase> <!-- @BeforeTest startReport -->
  <testcase classname="com.store.utils.BaseClass" name="@BeforeTest startReport" time="0.0">
    <ignored/>
  </testcase> <!-- @BeforeTest startReport -->
  <testcase classname="com.store.utils.BaseClass" name="@BeforeTest startReport" time="0.0">
    <ignored/>
  </testcase> <!-- @BeforeTest startReport -->
  <testcase classname="com.store.utils.BaseClass" name="@BeforeTest startReport" time="0.0">
    <ignored/>
  </testcase> <!-- @BeforeTest startReport -->
</testsuite> <!-- Apparel Store Test -->
