<?xml version="1.0" encoding="UTF-8"?>
<testng-results ignored="10" total="24" passed="14" failed="0" skipped="0">
  <reporter-output>
  </reporter-output>
  <suite started-at="2021-10-20T16:00:34Z" name="ApparelStoreTestSuite" finished-at="2021-10-20T16:06:56Z" duration-ms="381956">
    <groups>
    </groups>
    <test started-at="2021-10-20T16:00:34Z" name="Apparel Store Test" finished-at="2021-10-20T16:06:56Z" duration-ms="381956">
      <class name="com.store.testCases.ReviewTest">
        <test-method is-config="true" signature="beforeMethod(java.lang.String)[pri:0, instance:com.store.testCases.ReviewTest@77167fb7]" started-at="2021-10-20T16:02:42Z" name="beforeMethod" finished-at="2021-10-20T16:02:51Z" duration-ms="8597" status="PASS">
          <params>
            <param index="0">
              <value>
                <![CDATA[chrome]]>
              </value>
            </param>
          </params>
          <reporter-output>
          </reporter-output>
        </test-method> <!-- beforeMethod -->
        <test-method signature="writeReviewTest()[pri:0, instance:com.store.testCases.ReviewTest@77167fb7]" started-at="2021-10-20T16:02:51Z" name="writeReviewTest" finished-at="2021-10-20T16:03:13Z" duration-ms="22433" status="PASS">
          <reporter-output>
          </reporter-output>
        </test-method> <!-- writeReviewTest -->
        <test-method is-config="true" signature="afterMethod(org.testng.ITestResult)[pri:0, instance:com.store.testCases.ReviewTest@77167fb7]" started-at="2021-10-20T16:03:13Z" name="afterMethod" finished-at="2021-10-20T16:03:14Z" duration-ms="922" status="PASS">
          <params>
            <param index="0">
              <value>
                <![CDATA[[TestResult name=writeReviewTest status=SUCCESS method=ReviewTest.writeReviewTest()[pri:0, instance:com.store.testCases.ReviewTest@77167fb7] output={null}]]]>
              </value>
            </param>
          </params>
          <reporter-output>
          </reporter-output>
        </test-method> <!-- afterMethod -->
      </class> <!-- com.store.testCases.ReviewTest -->
      <class name="com.store.testCases.SearchTests">
        <test-method is-config="true" signature="beforeMethod(java.lang.String)[pri:0, instance:com.store.testCases.SearchTests@6ce139a4]" started-at="2021-10-20T16:03:53Z" name="beforeMethod" finished-at="2021-10-20T16:04:05Z" duration-ms="11635" status="PASS">
          <params>
            <param index="0">
              <value>
                <![CDATA[chrome]]>
              </value>
            </param>
          </params>
          <reporter-output>
          </reporter-output>
        </test-method> <!-- beforeMethod -->
        <test-method signature="itemsSearchTest(java.util.Hashtable)[pri:0, instance:com.store.testCases.SearchTests@6ce139a4]" started-at="2021-10-20T16:04:05Z" name="itemsSearchTest" data-provider="getData" finished-at="2021-10-20T16:04:07Z" duration-ms="2342" status="PASS">
          <params>
            <param index="0">
              <value>
                <![CDATA[{NumItemsListed=7, searchItem=dress}]]>
              </value>
            </param>
          </params>
          <reporter-output>
          </reporter-output>
        </test-method> <!-- itemsSearchTest -->
        <test-method is-config="true" signature="afterMethod(org.testng.ITestResult)[pri:0, instance:com.store.testCases.SearchTests@6ce139a4]" started-at="2021-10-20T16:04:07Z" name="afterMethod" finished-at="2021-10-20T16:04:08Z" duration-ms="916" status="PASS">
          <params>
            <param index="0">
              <value>
                <![CDATA[[TestResult name=itemsSearchTest status=SUCCESS method=SearchTests.itemsSearchTest(java.util.Hashtable)[pri:0, instance:com.store.testCases.SearchTests@6ce139a4] output={null}]]]>
              </value>
            </param>
          </params>
          <reporter-output>
          </reporter-output>
        </test-method> <!-- afterMethod -->
        <test-method is-config="true" signature="beforeMethod(java.lang.String)[pri:0, instance:com.store.testCases.SearchTests@6ce139a4]" started-at="2021-10-20T16:04:08Z" name="beforeMethod" finished-at="2021-10-20T16:04:41Z" duration-ms="32632" status="PASS">
          <params>
            <param index="0">
              <value>
                <![CDATA[chrome]]>
              </value>
            </param>
          </params>
          <reporter-output>
          </reporter-output>
        </test-method> <!-- beforeMethod -->
        <test-method signature="itemsSearchTest(java.util.Hashtable)[pri:0, instance:com.store.testCases.SearchTests@6ce139a4]" started-at="2021-10-20T16:04:41Z" name="itemsSearchTest" data-provider="getData" finished-at="2021-10-20T16:04:42Z" duration-ms="1572" status="PASS">
          <params>
            <param index="0">
              <value>
                <![CDATA[{NumItemsListed=1, searchItem=blouse}]]>
              </value>
            </param>
          </params>
          <reporter-output>
          </reporter-output>
        </test-method> <!-- itemsSearchTest -->
        <test-method is-config="true" signature="afterMethod(org.testng.ITestResult)[pri:0, instance:com.store.testCases.SearchTests@6ce139a4]" started-at="2021-10-20T16:04:42Z" name="afterMethod" finished-at="2021-10-20T16:04:43Z" duration-ms="674" status="PASS">
          <params>
            <param index="0">
              <value>
                <![CDATA[[TestResult name=itemsSearchTest status=SUCCESS method=SearchTests.itemsSearchTest(java.util.Hashtable)[pri:0, instance:com.store.testCases.SearchTests@6ce139a4] output={null}]]]>
              </value>
            </param>
          </params>
          <reporter-output>
          </reporter-output>
        </test-method> <!-- afterMethod -->
        <test-method is-config="true" signature="beforeMethod(java.lang.String)[pri:0, instance:com.store.testCases.SearchTests@6ce139a4]" started-at="2021-10-20T16:04:43Z" name="beforeMethod" finished-at="2021-10-20T16:04:50Z" duration-ms="7252" status="PASS">
          <params>
            <param index="0">
              <value>
                <![CDATA[chrome]]>
              </value>
            </param>
          </params>
          <reporter-output>
          </reporter-output>
        </test-method> <!-- beforeMethod -->
        <test-method signature="itemsSearchTest(java.util.Hashtable)[pri:0, instance:com.store.testCases.SearchTests@6ce139a4]" started-at="2021-10-20T16:04:50Z" name="itemsSearchTest" data-provider="getData" finished-at="2021-10-20T16:04:53Z" duration-ms="3364" status="PASS">
          <params>
            <param index="0">
              <value>
                <![CDATA[{NumItemsListed=1, searchItem=t shirt}]]>
              </value>
            </param>
          </params>
          <reporter-output>
          </reporter-output>
        </test-method> <!-- itemsSearchTest -->
        <test-method is-config="true" signature="afterMethod(org.testng.ITestResult)[pri:0, instance:com.store.testCases.SearchTests@6ce139a4]" started-at="2021-10-20T16:04:53Z" name="afterMethod" finished-at="2021-10-20T16:04:54Z" duration-ms="749" status="PASS">
          <params>
            <param index="0">
              <value>
                <![CDATA[[TestResult name=itemsSearchTest status=SUCCESS method=SearchTests.itemsSearchTest(java.util.Hashtable)[pri:0, instance:com.store.testCases.SearchTests@6ce139a4] output={null}]]]>
              </value>
            </param>
          </params>
          <reporter-output>
          </reporter-output>
        </test-method> <!-- afterMethod -->
        <test-method is-config="true" signature="beforeMethod(java.lang.String)[pri:0, instance:com.store.testCases.SearchTests@6ce139a4]" started-at="2021-10-20T16:04:54Z" name="beforeMethod" finished-at="2021-10-20T16:05:24Z" duration-ms="30079" status="PASS">
          <params>
            <param index="0">
              <value>
                <![CDATA[chrome]]>
              </value>
            </param>
          </params>
          <reporter-output>
          </reporter-output>
        </test-method> <!-- beforeMethod -->
        <test-method signature="itemsSearchTest(java.util.Hashtable)[pri:0, instance:com.store.testCases.SearchTests@6ce139a4]" started-at="2021-10-20T16:05:24Z" name="itemsSearchTest" data-provider="getData" finished-at="2021-10-20T16:05:47Z" duration-ms="23135" status="PASS">
          <params>
            <param index="0">
              <value>
                <![CDATA[{NumItemsListed=0, searchItem=silk}]]>
              </value>
            </param>
          </params>
          <reporter-output>
          </reporter-output>
        </test-method> <!-- itemsSearchTest -->
        <test-method is-config="true" signature="afterMethod(org.testng.ITestResult)[pri:0, instance:com.store.testCases.SearchTests@6ce139a4]" started-at="2021-10-20T16:05:47Z" name="afterMethod" finished-at="2021-10-20T16:05:48Z" duration-ms="893" status="PASS">
          <params>
            <param index="0">
              <value>
                <![CDATA[[TestResult name=itemsSearchTest status=SUCCESS method=SearchTests.itemsSearchTest(java.util.Hashtable)[pri:0, instance:com.store.testCases.SearchTests@6ce139a4] output={null}]]]>
              </value>
            </param>
          </params>
          <reporter-output>
          </reporter-output>
        </test-method> <!-- afterMethod -->
        <test-method is-config="true" signature="beforeMethod(java.lang.String)[pri:0, instance:com.store.testCases.SearchTests@6ce139a4]" started-at="2021-10-20T16:05:48Z" name="beforeMethod" finished-at="2021-10-20T16:05:57Z" duration-ms="8389" status="PASS">
          <params>
            <param index="0">
              <value>
                <![CDATA[chrome]]>
              </value>
            </param>
          </params>
          <reporter-output>
          </reporter-output>
        </test-method> <!-- beforeMethod -->
        <test-method signature="itemsSearchTest(java.util.Hashtable)[pri:0, instance:com.store.testCases.SearchTests@6ce139a4]" started-at="2021-10-20T16:05:57Z" name="itemsSearchTest" data-provider="getData" finished-at="2021-10-20T16:06:00Z" duration-ms="3080" status="PASS">
          <params>
            <param index="0">
              <value>
                <![CDATA[{NumItemsListed=4, searchItem=summer}]]>
              </value>
            </param>
          </params>
          <reporter-output>
          </reporter-output>
        </test-method> <!-- itemsSearchTest -->
        <test-method is-config="true" signature="afterMethod(org.testng.ITestResult)[pri:0, instance:com.store.testCases.SearchTests@6ce139a4]" started-at="2021-10-20T16:06:00Z" name="afterMethod" finished-at="2021-10-20T16:06:01Z" duration-ms="1207" status="PASS">
          <params>
            <param index="0">
              <value>
                <![CDATA[[TestResult name=itemsSearchTest status=SUCCESS method=SearchTests.itemsSearchTest(java.util.Hashtable)[pri:0, instance:com.store.testCases.SearchTests@6ce139a4] output={null}]]]>
              </value>
            </param>
          </params>
          <reporter-output>
          </reporter-output>
        </test-method> <!-- afterMethod -->
        <test-method is-config="true" signature="beforeMethod(java.lang.String)[pri:0, instance:com.store.testCases.SearchTests@6ce139a4]" started-at="2021-10-20T16:06:01Z" name="beforeMethod" finished-at="2021-10-20T16:06:09Z" duration-ms="8195" status="PASS">
          <params>
            <param index="0">
              <value>
                <![CDATA[chrome]]>
              </value>
            </param>
          </params>
          <reporter-output>
          </reporter-output>
        </test-method> <!-- beforeMethod -->
        <test-method signature="manufacturerTest()[pri:0, instance:com.store.testCases.SearchTests@6ce139a4]" started-at="2021-10-20T16:06:09Z" name="manufacturerTest" finished-at="2021-10-20T16:06:14Z" duration-ms="5044" status="PASS">
          <reporter-output>
          </reporter-output>
        </test-method> <!-- manufacturerTest -->
        <test-method is-config="true" signature="afterMethod(org.testng.ITestResult)[pri:0, instance:com.store.testCases.SearchTests@6ce139a4]" started-at="2021-10-20T16:06:14Z" name="afterMethod" finished-at="2021-10-20T16:06:15Z" duration-ms="850" status="PASS">
          <params>
            <param index="0">
              <value>
                <![CDATA[[TestResult name=manufacturerTest status=SUCCESS method=SearchTests.manufacturerTest()[pri:0, instance:com.store.testCases.SearchTests@6ce139a4] output={null}]]]>
              </value>
            </param>
          </params>
          <reporter-output>
          </reporter-output>
        </test-method> <!-- afterMethod -->
      </class> <!-- com.store.testCases.SearchTests -->
      <class name="com.store.testCases.AccountCreationTests">
        <test-method is-config="true" signature="startReport()[pri:0, instance:com.store.testCases.AccountCreationTests@61dd025]" started-at="2021-10-20T16:00:34Z" name="startReport" finished-at="2021-10-20T16:00:35Z" duration-ms="374" status="PASS">
          <reporter-output>
          </reporter-output>
        </test-method> <!-- startReport -->
        <test-method is-config="true" signature="getAccountCreationData()[pri:0, instance:com.store.testCases.AccountCreationTests@61dd025]" started-at="2021-10-20T16:06:15Z" name="getAccountCreationData" finished-at="2021-10-20T16:06:15Z" duration-ms="124" status="PASS">
          <reporter-output>
          </reporter-output>
        </test-method> <!-- getAccountCreationData -->
        <test-method is-config="true" signature="beforeMethod(java.lang.String)[pri:0, instance:com.store.testCases.AccountCreationTests@61dd025]" started-at="2021-10-20T16:06:15Z" name="beforeMethod" finished-at="2021-10-20T16:06:23Z" duration-ms="7672" status="PASS">
          <params>
            <param index="0">
              <value>
                <![CDATA[chrome]]>
              </value>
            </param>
          </params>
          <reporter-output>
          </reporter-output>
        </test-method> <!-- beforeMethod -->
        <test-method signature="createAccountCaseTest(java.util.Hashtable)[pri:48, instance:com.store.testCases.AccountCreationTests@61dd025]" started-at="2021-10-20T16:06:23Z" name="createAccountCaseTest" data-provider="accountsData" finished-at="2021-10-20T16:06:33Z" duration-ms="10420" status="PASS">
          <params>
            <param index="0">
              <value>
                <![CDATA[{postalCode=11234, state=Florida, country=United States, city=London, addressLine1=line1, email=testaccount24@email.com, firstName=Warne, password=testaccount24, lastName=Rossy, phoneNumber=8173678450}]]>
              </value>
            </param>
          </params>
          <reporter-output>
          </reporter-output>
        </test-method> <!-- createAccountCaseTest -->
        <test-method is-config="true" signature="afterMethod(org.testng.ITestResult)[pri:0, instance:com.store.testCases.AccountCreationTests@61dd025]" started-at="2021-10-20T16:06:33Z" name="afterMethod" finished-at="2021-10-20T16:06:35Z" duration-ms="1543" status="PASS">
          <params>
            <param index="0">
              <value>
                <![CDATA[[TestResult name=createAccountCaseTest status=SUCCESS method=AccountCreationTests.createAccountCaseTest(java.util.Hashtable)[pri:48, instance:com.store.testCases.AccountCreationTests@61dd025] output={null}]]]>
              </value>
            </param>
          </params>
          <reporter-output>
          </reporter-output>
        </test-method> <!-- afterMethod -->
        <test-method is-config="true" signature="beforeMethod(java.lang.String)[pri:0, instance:com.store.testCases.AccountCreationTests@61dd025]" started-at="2021-10-20T16:06:35Z" name="beforeMethod" finished-at="2021-10-20T16:06:43Z" duration-ms="7922" status="PASS">
          <params>
            <param index="0">
              <value>
                <![CDATA[chrome]]>
              </value>
            </param>
          </params>
          <reporter-output>
          </reporter-output>
        </test-method> <!-- beforeMethod -->
        <test-method signature="createAccountTest(java.util.Hashtable)[pri:49, instance:com.store.testCases.AccountCreationTests@61dd025]" started-at="2021-10-20T16:06:43Z" name="createAccountTest" data-provider="accountsData" finished-at="2021-10-20T16:06:55Z" duration-ms="11722" status="PASS">
          <params>
            <param index="0">
              <value>
                <![CDATA[{postalCode=11234, state=Florida, country=United States, city=London, addressLine1=line1, email=testaccount24@email.com, firstName=Warne, password=testaccount24, lastName=Rossy, phoneNumber=8173678450}]]>
              </value>
            </param>
          </params>
          <reporter-output>
          </reporter-output>
        </test-method> <!-- createAccountTest -->
        <test-method is-config="true" signature="afterMethod(org.testng.ITestResult)[pri:0, instance:com.store.testCases.AccountCreationTests@61dd025]" started-at="2021-10-20T16:06:55Z" name="afterMethod" finished-at="2021-10-20T16:06:55Z" duration-ms="859" status="PASS">
          <params>
            <param index="0">
              <value>
                <![CDATA[[TestResult name=createAccountTest status=SUCCESS method=AccountCreationTests.createAccountTest(java.util.Hashtable)[pri:49, instance:com.store.testCases.AccountCreationTests@61dd025] output={null}]]]>
              </value>
            </param>
          </params>
          <reporter-output>
          </reporter-output>
        </test-method> <!-- afterMethod -->
        <test-method is-config="true" signature="stopTest()[pri:0, instance:com.store.testCases.AccountCreationTests@61dd025]" started-at="2021-10-20T16:06:55Z" name="stopTest" finished-at="2021-10-20T16:06:56Z" duration-ms="715" status="PASS">
          <reporter-output>
          </reporter-output>
        </test-method> <!-- stopTest -->
      </class> <!-- com.store.testCases.AccountCreationTests -->
      <class name="com.store.testCases.PlaceOrderTest">
        <test-method is-config="true" signature="beforeMethod(java.lang.String)[pri:0, instance:com.store.testCases.PlaceOrderTest@15b204a1]" started-at="2021-10-20T16:01:45Z" name="beforeMethod" finished-at="2021-10-20T16:01:54Z" duration-ms="8125" status="PASS">
          <params>
            <param index="0">
              <value>
                <![CDATA[chrome]]>
              </value>
            </param>
          </params>
          <reporter-output>
          </reporter-output>
        </test-method> <!-- beforeMethod -->
        <test-method signature="placeOrder()[pri:0, instance:com.store.testCases.PlaceOrderTest@15b204a1]" started-at="2021-10-20T16:01:54Z" name="placeOrder" finished-at="2021-10-20T16:02:41Z" duration-ms="47982" status="PASS">
          <reporter-output>
          </reporter-output>
        </test-method> <!-- placeOrder -->
        <test-method is-config="true" signature="afterMethod(org.testng.ITestResult)[pri:0, instance:com.store.testCases.PlaceOrderTest@15b204a1]" started-at="2021-10-20T16:02:41Z" name="afterMethod" finished-at="2021-10-20T16:02:42Z" duration-ms="774" status="PASS">
          <params>
            <param index="0">
              <value>
                <![CDATA[[TestResult name=placeOrder status=SUCCESS method=PlaceOrderTest.placeOrder()[pri:0, instance:com.store.testCases.PlaceOrderTest@15b204a1] output={null}]]]>
              </value>
            </param>
          </params>
          <reporter-output>
          </reporter-output>
        </test-method> <!-- afterMethod -->
      </class> <!-- com.store.testCases.PlaceOrderTest -->
      <class name="com.store.testCases.LoginLogOffTest">
        <test-method is-config="true" signature="beforeMethod(java.lang.String)[pri:0, instance:com.store.testCases.LoginLogOffTest@124c278f]" started-at="2021-10-20T16:00:35Z" name="beforeMethod" finished-at="2021-10-20T16:01:04Z" duration-ms="29239" status="PASS">
          <params>
            <param index="0">
              <value>
                <![CDATA[chrome]]>
              </value>
            </param>
          </params>
          <reporter-output>
          </reporter-output>
        </test-method> <!-- beforeMethod -->
        <test-method signature="invalidLoginTest()[pri:0, instance:com.store.testCases.LoginLogOffTest@124c278f]" started-at="2021-10-20T16:01:04Z" name="invalidLoginTest" finished-at="2021-10-20T16:01:13Z" duration-ms="9164" status="PASS">
          <reporter-output>
          </reporter-output>
        </test-method> <!-- invalidLoginTest -->
        <test-method is-config="true" signature="afterMethod(org.testng.ITestResult)[pri:0, instance:com.store.testCases.LoginLogOffTest@124c278f]" started-at="2021-10-20T16:01:13Z" name="afterMethod" finished-at="2021-10-20T16:01:14Z" duration-ms="698" status="PASS">
          <params>
            <param index="0">
              <value>
                <![CDATA[[TestResult name=invalidLoginTest status=SUCCESS method=LoginLogOffTest.invalidLoginTest()[pri:0, instance:com.store.testCases.LoginLogOffTest@124c278f] output={null}]]]>
              </value>
            </param>
          </params>
          <reporter-output>
          </reporter-output>
        </test-method> <!-- afterMethod -->
        <test-method is-config="true" signature="beforeMethod(java.lang.String)[pri:0, instance:com.store.testCases.LoginLogOffTest@124c278f]" started-at="2021-10-20T16:01:14Z" name="beforeMethod" finished-at="2021-10-20T16:01:22Z" duration-ms="8233" status="PASS">
          <params>
            <param index="0">
              <value>
                <![CDATA[chrome]]>
              </value>
            </param>
          </params>
          <reporter-output>
          </reporter-output>
        </test-method> <!-- beforeMethod -->
        <test-method signature="logOffTest()[pri:0, instance:com.store.testCases.LoginLogOffTest@124c278f]" started-at="2021-10-20T16:01:22Z" name="logOffTest" finished-at="2021-10-20T16:01:30Z" duration-ms="8034" status="PASS">
          <reporter-output>
          </reporter-output>
        </test-method> <!-- logOffTest -->
        <test-method is-config="true" signature="afterMethod(org.testng.ITestResult)[pri:0, instance:com.store.testCases.LoginLogOffTest@124c278f]" started-at="2021-10-20T16:01:30Z" name="afterMethod" finished-at="2021-10-20T16:01:31Z" duration-ms="769" status="PASS">
          <params>
            <param index="0">
              <value>
                <![CDATA[[TestResult name=logOffTest status=SUCCESS method=LoginLogOffTest.logOffTest()[pri:0, instance:com.store.testCases.LoginLogOffTest@124c278f] output={null}]]]>
              </value>
            </param>
          </params>
          <reporter-output>
          </reporter-output>
        </test-method> <!-- afterMethod -->
        <test-method is-config="true" signature="beforeMethod(java.lang.String)[pri:0, instance:com.store.testCases.LoginLogOffTest@124c278f]" started-at="2021-10-20T16:01:31Z" name="beforeMethod" finished-at="2021-10-20T16:01:39Z" duration-ms="8209" status="PASS">
          <params>
            <param index="0">
              <value>
                <![CDATA[chrome]]>
              </value>
            </param>
          </params>
          <reporter-output>
          </reporter-output>
        </test-method> <!-- beforeMethod -->
        <test-method signature="validLoginTest()[pri:0, instance:com.store.testCases.LoginLogOffTest@124c278f]" started-at="2021-10-20T16:01:39Z" name="validLoginTest" finished-at="2021-10-20T16:01:45Z" duration-ms="5592" status="PASS">
          <reporter-output>
          </reporter-output>
        </test-method> <!-- validLoginTest -->
        <test-method is-config="true" signature="afterMethod(org.testng.ITestResult)[pri:0, instance:com.store.testCases.LoginLogOffTest@124c278f]" started-at="2021-10-20T16:01:45Z" name="afterMethod" finished-at="2021-10-20T16:01:45Z" duration-ms="793" status="PASS">
          <params>
            <param index="0">
              <value>
                <![CDATA[[TestResult name=validLoginTest status=SUCCESS method=LoginLogOffTest.validLoginTest()[pri:0, instance:com.store.testCases.LoginLogOffTest@124c278f] output={null}]]]>
              </value>
            </param>
          </params>
          <reporter-output>
          </reporter-output>
        </test-method> <!-- afterMethod -->
      </class> <!-- com.store.testCases.LoginLogOffTest -->
      <class name="com.store.testCases.ShareProductTests">
        <test-method is-config="true" signature="beforeMethod(java.lang.String)[pri:0, instance:com.store.testCases.ShareProductTests@1fe20588]" started-at="2021-10-20T16:03:14Z" name="beforeMethod" finished-at="2021-10-20T16:03:36Z" duration-ms="22065" status="PASS">
          <params>
            <param index="0">
              <value>
                <![CDATA[chrome]]>
              </value>
            </param>
          </params>
          <reporter-output>
          </reporter-output>
        </test-method> <!-- beforeMethod -->
        <test-method signature="shareProductTest()[pri:0, instance:com.store.testCases.ShareProductTests@1fe20588]" started-at="2021-10-20T16:03:36Z" name="shareProductTest" finished-at="2021-10-20T16:03:50Z" duration-ms="13946" status="PASS">
          <reporter-output>
          </reporter-output>
        </test-method> <!-- shareProductTest -->
        <test-method is-config="true" signature="afterMethod(org.testng.ITestResult)[pri:0, instance:com.store.testCases.ShareProductTests@1fe20588]" started-at="2021-10-20T16:03:50Z" name="afterMethod" finished-at="2021-10-20T16:03:52Z" duration-ms="1859" status="PASS">
          <params>
            <param index="0">
              <value>
                <![CDATA[[TestResult name=shareProductTest status=SUCCESS method=ShareProductTests.shareProductTest()[pri:0, instance:com.store.testCases.ShareProductTests@1fe20588] output={null}]]]>
              </value>
            </param>
          </params>
          <reporter-output>
          </reporter-output>
        </test-method> <!-- afterMethod -->
      </class> <!-- com.store.testCases.ShareProductTests -->
    </test> <!-- Apparel Store Test -->
  </suite> <!-- ApparelStoreTestSuite -->
</testng-results>
